<?xml version="1.0" encoding="UTF-8"?>
<testsuite xmlns:xsi="http://www.w3.org/2001/XMLSchema-instance" xsi:noNamespaceSchemaLocation="https://maven.apache.org/surefire/maven-surefire-plugin/xsd/surefire-test-report-3.0.xsd" version="3.0" name="com.weatherapp.ContentServerTest" time="0.072" tests="8" errors="0" skipped="0" failures="1">
  <properties>
[...]
</properties>
  <testcase name="testReadData_InvalidLineFormat" classname="com.weatherapp.ContentServerTest" time="0.019"/>
  <testcase name="testReadData_EmptyFile" classname="com.weatherapp.ContentServerTest" time="0.007"/>
  <testcase name="testReadData_ValidJSON" classname="com.weatherapp.ContentServerTest" time="0.016"/>
  <testcase name="testValidateURL_InvalidURL" classname="com.weatherapp.ContentServerTest" time="0.0"/>
  <testcase name="testValidateFilePath_ValidPath" classname="com.weatherapp.ContentServerTest" time="0.0"/>
  <testcase name="testFormatPutRequest" classname="com.weatherapp.ContentServerTest" time="0.008">
    <failure message="expected: &lt;PUT /weather.json HTTP/1.1&#10;Host: localhost:4567&#10;Content-Type: application/json&#10;Content-Length: 54&#10;Lamport-Time: 5&#10;&#10;{&quot;id&quot;:&quot;123&quot;,&quot;temperature&quot;:25.5,&quot;humidity&quot;:60}&gt; but was: &lt;PUT /weather.json HTTP/1.1&#10;Host: localhost:4567&#10;Content-Type: application/json&#10;Content-Length: 45&#10;Lamport-Time: 5&#10;&#10;{&quot;id&quot;:&quot;123&quot;,&quot;temperature&quot;:25.5,&quot;humidity&quot;:60}&gt;" type="org.opentest4j.AssertionFailedError"><![CDATA[org.opentest4j.AssertionFailedError: 
expected: <PUT /weather.json HTTP/1.1
Host: localhost:4567
Content-Type: application/json
Content-Length: 54
Lamport-Time: 5

{"id":"123","temperature":25.5,"humidity":60}> but was: <PUT /weather.json HTTP/1.1
Host: localhost:4567
Content-Type: application/json
Content-Length: 45
Lamport-Time: 5

{"id":"123","temperature":25.5,"humidity":60}>
	at org.junit.jupiter.api.AssertionFailureBuilder.build(AssertionFailureBuilder.java:151)
	at org.junit.jupiter.api.AssertionFailureBuilder.buildAndThrow(AssertionFailureBuilder.java:132)
	at org.junit.jupiter.api.AssertEquals.failNotEqual(AssertEquals.java:197)
	at org.junit.jupiter.api.AssertEquals.assertEquals(AssertEquals.java:182)
	at org.junit.jupiter.api.AssertEquals.assertEquals(AssertEquals.java:177)
	at org.junit.jupiter.api.Assertions.assertEquals(Assertions.java:1145)
	at com.weatherapp.ContentServerTest.testFormatPutRequest(ContentServerTest.java:142)
	at java.base/java.lang.reflect.Method.invoke(Method.java:580)
	at java.base/java.util.ArrayList.forEach(ArrayList.java:1597)
	at java.base/java.util.ArrayList.forEach(ArrayList.java:1597)
]]></failure>
  </testcase>
  <testcase name="testValidateFilePath_InvalidPath" classname="com.weatherapp.ContentServerTest" time="0.001"/>
  <testcase name="testValidateURL_ValidURL" classname="com.weatherapp.ContentServerTest" time="0.001"/>
</testsuite>