<?xml version="1.0" encoding="UTF-8"?>
<testsuite xmlns:xsi="http://www.w3.org/2001/XMLSchema-instance" xsi:noNamespaceSchemaLocation="https://maven.apache.org/surefire/maven-surefire-plugin/xsd/surefire-test-report.xsd" version="3.0.2" name="com.example.weather.AggregationServerTest" time="0.713" tests="3" errors="0" skipped="0" failures="0">
  <properties>
[...]
</properties>
  <testcase name="testPutMalformedWeatherData" classname="com.example.weather.AggregationServerTest" time="0.653">
    <system-out><![CDATA[Server started on port: 4567
------------------------------
Received a PUT request from:127.0.0.1 | Lamport Clock: 3
Current Lamport Clock after update: 4
]]></system-out>
    <system-err><![CDATA[[Thread-2] INFO org.eclipse.jetty.util.log - Logging initialized @254ms to org.eclipse.jetty.util.log.Slf4jLog
[Thread-2] INFO spark.embeddedserver.jetty.EmbeddedJettyServer - == Spark has ignited ...
[Thread-2] INFO spark.embeddedserver.jetty.EmbeddedJettyServer - >> Listening on 0.0.0.0:4567
[Thread-2] INFO org.eclipse.jetty.server.Server - jetty-9.4.48.v20220622; built: 2022-06-21T20:42:25.880Z; git: 6b67c5719d1f4371b33655ff2d047d24e171e49a; jvm 22.0.2+9-70
[Thread-2] INFO org.eclipse.jetty.server.session - DefaultSessionIdManager workerName=node0
[Thread-2] INFO org.eclipse.jetty.server.session - No SessionScavenger set, using defaults
[Thread-2] INFO org.eclipse.jetty.server.session - node0 Scavenging every 600000ms
[Thread-2] INFO org.eclipse.jetty.server.AbstractConnector - Started ServerConnector@33e9865b{HTTP/1.1, (http/1.1)}{0.0.0.0:4567}
[Thread-2] INFO org.eclipse.jetty.server.Server - Started @344ms
Failed to parse JSON: com.google.gson.stream.MalformedJsonException: Expected name at line 5 column 2 path $.name
See https://github.com/google/gson/blob/main/Troubleshooting.md#malformed-json
]]></system-err>
  </testcase>
  <testcase name="testPutFirstWeatherData" classname="com.example.weather.AggregationServerTest" time="0.013">
    <system-out><![CDATA[------------------------------
Received a PUT request from:127.0.0.1 | Lamport Clock: 1
Current Lamport Clock after update: 5
Lamport timestamp added to the queue: 5
New entry added to weather.json.
Current Lamport Clock after increment: 6
]]></system-out>
    <system-err><![CDATA[Failed to read or parse weather data: src/main/resources/weather.json
]]></system-err>
  </testcase>
  <testcase name="testConcurrentPutWeatherData" classname="com.example.weather.AggregationServerTest" time="0.012">
    <system-out><![CDATA[------------------------------
Received a PUT request from:127.0.0.1 | Lamport Clock: 5
------------------------------
Received a PUT request from:127.0.0.1 | Lamport Clock: 3
Current Lamport Clock after update: 7
Current Lamport Clock after update: 8
Lamport timestamp added to the queue: 8
Lamport timestamp added to the queue: 8
------------------------------
Received a PUT request from:127.0.0.1 | Lamport Clock: 2
Current Lamport Clock after update: 9
Lamport timestamp added to the queue: 9
New entry added to weather.json.
------------------------------
Received a PUT request from:127.0.0.1 | Lamport Clock: 6
Current Lamport Clock after update: 10
Lamport timestamp added to the queue: 10
------------------------------
Received a PUT request from:127.0.0.1 | Lamport Clock: 4
Current Lamport Clock after update: 11
Lamport timestamp added to the queue: 11
New entry added to weather.json.
Data updated for ID: IDS60901
New entry added to weather.json.
New entry added to weather.json.
Current Lamport Clock after increment: 12
Current Lamport Clock after increment: 13
Current Lamport Clock after increment: 14
Current Lamport Clock after increment: 15
Current Lamport Clock after increment: 16
]]></system-out>
  </testcase>
</testsuite>