<?xml version="1.0" encoding="UTF-8"?>
<testsuite xmlns:xsi="http://www.w3.org/2001/XMLSchema-instance" xsi:noNamespaceSchemaLocation="https://maven.apache.org/surefire/maven-surefire-plugin/xsd/surefire-test-report.xsd" version="3.0.2" name="com.example.weather.AggregationServerTest_SpecificPort" time="2.582" tests="1" errors="0" skipped="0" failures="0">
  <properties>
[...]
</properties>
  <testcase name="testServerStartOnTestPort" classname="com.example.weather.AggregationServerTest_SpecificPort" time="2.572">
    <system-out><![CDATA[Server started on port: 39083
------------------------------
Received a GET request from:127.0.0.1 | Lamport Clock: 1
Current Lamport Clock after update: 2
Current Lamport Clock after increment: 3
Lamport timestamp sent in headers: 3
]]></system-out>
    <system-err><![CDATA[[Thread-3] INFO org.eclipse.jetty.util.log - Logging initialized @227ms to org.eclipse.jetty.util.log.Slf4jLog
[Thread-3] INFO spark.embeddedserver.jetty.EmbeddedJettyServer - == Spark has ignited ...
[Thread-3] INFO spark.embeddedserver.jetty.EmbeddedJettyServer - >> Listening on 0.0.0.0:39083
[Thread-3] INFO org.eclipse.jetty.server.Server - jetty-9.4.48.v20220622; built: 2022-06-21T20:42:25.880Z; git: 6b67c5719d1f4371b33655ff2d047d24e171e49a; jvm 22.0.2+9-70
[Thread-3] INFO org.eclipse.jetty.server.session - DefaultSessionIdManager workerName=node0
[Thread-3] INFO org.eclipse.jetty.server.session - No SessionScavenger set, using defaults
[Thread-3] INFO org.eclipse.jetty.server.session - node0 Scavenging every 660000ms
[Thread-3] INFO org.eclipse.jetty.server.AbstractConnector - Started ServerConnector@6d4f893{HTTP/1.1, (http/1.1)}{0.0.0.0:39083}
[Thread-3] INFO org.eclipse.jetty.server.Server - Started @296ms
Failed to read or parse weather data: src/main/resources/weather.json
]]></system-err>
  </testcase>
</testsuite>