<?xml version="1.0" encoding="UTF-8"?>
<testsuite xmlns:xsi="http://www.w3.org/2001/XMLSchema-instance" xsi:noNamespaceSchemaLocation="https://maven.apache.org/surefire/maven-surefire-plugin/xsd/surefire-test-report.xsd" version="3.0.2" name="com.example.weather.AggregationServerTest" time="0.062" tests="1" errors="0" skipped="0" failures="0">
  <properties>
[...]
</properties>
  <testcase name="testMultipleClients" classname="com.example.weather.AggregationServerTest" time="0.04">
    <system-out><![CDATA[Client 3 received
Client 4 received
Client 0 received
Client 7 received
Client 2 received
Client 8 received
Client 1 received
Client 5 received
Client 9 received
Client 6 received
All clients have completed their requests.
]]></system-out>
  </testcase>
</testsuite>